<?xml version="1.0" encoding="UTF-8"?>
<coverage generated="1788466413939" clover="3.2.0">
  <project timestamp="1788466413939" name="All files">
    <metrics statements="15" coveredstatements="12" conditionals="51" coveredconditionals="49" methods="9" coveredmethods="6" elements="75" coveredelements="67" complexity="0" loc="15" ncloc="15" packages="2" files="4" classes="4"/>
    <package name="Tic-Tac-Toe">
      <metrics statements="9" coveredstatements="6" conditionals="0" coveredconditionals="0" methods="5" coveredmethods="2"/>
      <file name="test-setup.ts" path="C:/Users/Jan/github show/Tic-Tac-Toe/test-setup.ts">
        <metrics statements="9" coveredstatements="6" conditionals="0" coveredconditionals="0" methods="5" coveredmethods="2"/>
        <line num="5" count="1" type="stmt"/>
        <line num="6" count="1" type="stmt"/>
        <line num="7" count="0" type="stmt"/>
        <line num="9" count="1" type="stmt"/>
        <line num="10" count="0" type="stmt"/>
        <line num="12" count="1" type="stmt"/>
        <line num="13" count="0" type="stmt"/>
        <line num="17" count="1" type="stmt"/>
        <line num="18" count="13" type="stmt"/>
      </file>
    </package>
    <package name="Tic-Tac-Toe.src.components">
      <metrics statements="6" coveredstatements="6" conditionals="51" coveredconditionals="49" methods="4" coveredmethods="4"/>
      <file name="Field.tsx" path="C:/Users/Jan/github show/Tic-Tac-Toe/src/components/Field.tsx">
        <metrics statements="4" coveredstatements="4" conditionals="49" coveredconditionals="49" methods="2" coveredmethods="2"/>
        <line num="14" count="13" type="stmt"/>
        <line num="15" count="13" type="stmt"/>
        <line num="23" count="13" type="stmt"/>
        <line num="28" count="1" type="stmt"/>
      </file>
      <file name="IconO.tsx" path="C:/Users/Jan/github show/Tic-Tac-Toe/src/components/IconO.tsx">
        <metrics statements="1" coveredstatements="1" conditionals="1" coveredconditionals="0" methods="1" coveredmethods="1"/>
        <line num="6" count="2" type="stmt"/>
      </file>
      <file name="IconX.tsx" path="C:/Users/Jan/github show/Tic-Tac-Toe/src/components/IconX.tsx">
        <metrics statements="1" coveredstatements="1" conditionals="1" coveredconditionals="0" methods="1" coveredmethods="1"/>
        <line num="6" count="3" type="stmt"/>
      </file>
    </package>
  </project>
</coverage>
