{"C:/Users/Jan/github show/Tic-Tac-Toe/test-setup.ts": {"path":"C:/Users/Jan/github show/Tic-Tac-Toe/test-setup.ts","statementMap":{"0":{"start":{"line":5,"column":0},"end":{"line":15,"column":null}},"1":{"start":{"line":6,"column":2},"end":{"line":8,"column":null}},"2":{"start":{"line":7,"column":4},"end":{"line":7,"column":null}},"3":{"start":{"line":9,"column":2},"end":{"line":11,"column":null}},"4":{"start":{"line":10,"column":4},"end":{"line":10,"column":null}},"5":{"start":{"line":12,"column":2},"end":{"line":14,"column":null}},"6":{"start":{"line":13,"column":4},"end":{"line":13,"column":null}},"7":{"start":{"line":17,"column":0},"end":{"line":19,"column":null}},"8":{"start":{"line":18,"column":4},"end":{"line":18,"column":null}}},"fnMap":{"0":{"name":"(anonymous_0)","decl":{"start":{"line":5,"column":0},"end":{"line":5,"column":16}},"loc":{"start":{"line":5,"column":16},"end":{"line":15,"column":1}}},"1":{"name":"(anonymous_1)","decl":{"start":{"line":6,"column":48},"end":{"line":6,"column":83}},"loc":{"start":{"line":6,"column":83},"end":{"line":8,"column":3}}},"2":{"name":"(anonymous_2)","decl":{"start":{"line":9,"column":43},"end":{"line":9,"column":78}},"loc":{"start":{"line":9,"column":78},"end":{"line":11,"column":3}}},"3":{"name":"(anonymous_3)","decl":{"start":{"line":12,"column":44},"end":{"line":12,"column":79}},"loc":{"start":{"line":12,"column":79},"end":{"line":14,"column":3}}},"4":{"name":"(anonymous_4)","decl":{"start":{"line":17,"column":0},"end":{"line":17,"column":14}},"loc":{"start":{"line":17,"column":14},"end":{"line":19,"column":1}}}},"branchMap":{},"s":{"0":10,"1":10,"2":5,"3":10,"4":0,"5":10,"6":0,"7":10,"8":33},"f":{"0":10,"1":5,"2":0,"3":0,"4":33},"b":{}}
,"C:/Users/Jan/github show/Tic-Tac-Toe/src/components/Field.tsx": {"path":"C:/Users/Jan/github show/Tic-Tac-Toe/src/components/Field.tsx","statementMap":{"0":{"start":{"line":14,"column":30},"end":{"line":14,"column":null}},"1":{"start":{"line":15,"column":27},"end":{"line":22,"column":null}},"2":{"start":{"line":23,"column":4},"end":{"line":34,"column":null}},"3":{"start":{"line":28,"column":27},"end":{"line":28,"column":null}}},"fnMap":{"0":{"name":"Field","decl":{"start":{"line":8,"column":9},"end":{"line":8,"column":15}},"loc":{"start":{"line":13,"column":1},"end":{"line":36,"column":null}}},"1":{"name":"(anonymous_1)","decl":{"start":{"line":28,"column":12},"end":{"line":28,"column":27}},"loc":{"start":{"line":28,"column":27},"end":{"line":28,"column":null}}}},"branchMap":{"0":{"loc":{"start":{"line":17,"column":9},"end":{"line":17,"column":null}},"type":"binary-expr","locations":[{"start":{"line":17,"column":9},"end":{"line":17,"column":20}},{"start":{"line":17,"column":20},"end":{"line":17,"column":51}},{"start":{"line":17,"column":51},"end":{"line":17,"column":null}}]},"1":{"loc":{"start":{"line":18,"column":9},"end":{"line":18,"column":null}},"type":"binary-expr","locations":[{"start":{"line":18,"column":9},"end":{"line":18,"column":20}},{"start":{"line":18,"column":20},"end":{"line":18,"column":51}},{"start":{"line":18,"column":51},"end":{"line":18,"column":null}}]},"2":{"loc":{"start":{"line":19,"column":8},"end":{"line":19,"column":null}},"type":"binary-expr","locations":[{"start":{"line":19,"column":8},"end":{"line":19,"column":39}},{"start":{"line":19,"column":39},"end":{"line":19,"column":null}}]},"3":{"loc":{"start":{"line":20,"column":9},"end":{"line":20,"column":null}},"type":"binary-expr","locations":[{"start":{"line":20,"column":9},"end":{"line":20,"column":23}},{"start":{"line":20,"column":23},"end":{"line":20,"column":37}},{"start":{"line":20,"column":37},"end":{"line":20,"column":44}},{"start":{"line":20,"column":44},"end":{"line":20,"column":53}},{"start":{"line":20,"column":53},"end":{"line":20,"column":68}},{"start":{"line":20,"column":68},"end":{"line":20,"column":78}},{"start":{"line":20,"column":78},"end":{"line":20,"column":112}},{"start":{"line":20,"column":112},"end":{"line":20,"column":null}}]},"4":{"loc":{"start":{"line":21,"column":9},"end":{"line":21,"column":null}},"type":"binary-expr","locations":[{"start":{"line":21,"column":9},"end":{"line":21,"column":23}},{"start":{"line":21,"column":23},"end":{"line":21,"column":31}},{"start":{"line":21,"column":31},"end":{"line":21,"column":41}},{"start":{"line":21,"column":41},"end":{"line":21,"column":56}},{"start":{"line":21,"column":56},"end":{"line":21,"column":66}},{"start":{"line":21,"column":66},"end":{"line":21,"column":100}},{"start":{"line":21,"column":100},"end":{"line":21,"column":null}}]},"5":{"loc":{"start":{"line":27,"column":22},"end":{"line":27,"column":null}},"type":"binary-expr","locations":[{"start":{"line":27,"column":22},"end":{"line":27,"column":34}},{"start":{"line":27,"column":34},"end":{"line":27,"column":66}},{"start":{"line":27,"column":66},"end":{"line":27,"column":80}},{"start":{"line":27,"column":80},"end":{"line":27,"column":87}},{"start":{"line":27,"column":87},"end":{"line":27,"column":97}},{"start":{"line":27,"column":97},"end":{"line":27,"column":111}},{"start":{"line":27,"column":111},"end":{"line":27,"column":120}},{"start":{"line":27,"column":120},"end":{"line":27,"column":null}}]},"6":{"loc":{"start":{"line":30,"column":51},"end":{"line":30,"column":123}},"type":"cond-expr","locations":[{"start":{"line":30,"column":77},"end":{"line":30,"column":83}},{"start":{"line":30,"column":83},"end":{"line":30,"column":123}}]},"7":{"loc":{"start":{"line":30,"column":83},"end":{"line":30,"column":123}},"type":"cond-expr","locations":[{"start":{"line":30,"column":109},"end":{"line":30,"column":115}},{"start":{"line":30,"column":115},"end":{"line":30,"column":123}}]},"8":{"loc":{"start":{"line":30,"column":127},"end":{"line":30,"column":null}},"type":"cond-expr","locations":[{"start":{"line":30,"column":159},"end":{"line":30,"column":184}},{"start":{"line":30,"column":184},"end":{"line":30,"column":null}}]},"9":{"loc":{"start":{"line":32,"column":13},"end":{"line":33,"column":21}},"type":"binary-expr","locations":[{"start":{"line":32,"column":13},"end":{"line":32,"column":40}},{"start":{"line":32,"column":40},"end":{"line":33,"column":21}}]},"10":{"loc":{"start":{"line":32,"column":55},"end":{"line":32,"column":122}},"type":"cond-expr","locations":[{"start":{"line":32,"column":84},"end":{"line":32,"column":106}},{"start":{"line":32,"column":106},"end":{"line":32,"column":122}}]},"11":{"loc":{"start":{"line":32,"column":136},"end":{"line":32,"column":204}},"type":"cond-expr","locations":[{"start":{"line":32,"column":166},"end":{"line":32,"column":185}},{"start":{"line":32,"column":185},"end":{"line":32,"column":204}}]},"12":{"loc":{"start":{"line":33,"column":13},"end":{"line":34,"column":null}},"type":"binary-expr","locations":[{"start":{"line":33,"column":13},"end":{"line":33,"column":40}},{"start":{"line":33,"column":40},"end":{"line":34,"column":null}}]},"13":{"loc":{"start":{"line":33,"column":55},"end":{"line":33,"column":122}},"type":"cond-expr","locations":[{"start":{"line":33,"column":84},"end":{"line":33,"column":106}},{"start":{"line":33,"column":106},"end":{"line":33,"column":122}}]},"14":{"loc":{"start":{"line":33,"column":136},"end":{"line":33,"column":205}},"type":"cond-expr","locations":[{"start":{"line":33,"column":166},"end":{"line":33,"column":185}},{"start":{"line":33,"column":185},"end":{"line":33,"column":205}}]}},"s":{"0":13,"1":13,"2":13,"3":1},"f":{"0":13,"1":1},"b":{"0":[13,1,1],"1":[13,1,1],"2":[13,11],"3":[13,12,10,8,8,2,5,3],"4":[13,12,3,10,1,3,3],"5":[13,12,7,5,3,6,4,2],"6":[3,10],"7":[2,8],"8":[8,5],"9":[13,3],"10":[1,2],"11":[1,2],"12":[13,2],"13":[1,1],"14":[1,1]}}
,"C:/Users/Jan/github show/Tic-Tac-Toe/src/components/GameEndModal.tsx": {"path":"C:/Users/Jan/github show/Tic-Tac-Toe/src/components/GameEndModal.tsx","statementMap":{"0":{"start":{"line":15,"column":41},"end":{"line":15,"column":null}},"1":{"start":{"line":16,"column":22},"end":{"line":16,"column":null}},"2":{"start":{"line":19,"column":8},"end":{"line":19,"column":null}},"3":{"start":{"line":20,"column":8},"end":{"line":20,"column":null}},"4":{"start":{"line":21,"column":8},"end":{"line":21,"column":null}},"5":{"start":{"line":24,"column":4},"end":{"line":26,"column":null}},"6":{"start":{"line":25,"column":8},"end":{"line":25,"column":null}},"7":{"start":{"line":28,"column":4},"end":{"line":57,"column":null}}},"fnMap":{"0":{"name":"GameEndModal","decl":{"start":{"line":9,"column":9},"end":{"line":9,"column":22}},"loc":{"start":{"line":14,"column":1},"end":{"line":59,"column":null}}},"1":{"name":"quit","decl":{"start":{"line":18,"column":13},"end":{"line":18,"column":19}},"loc":{"start":{"line":18,"column":19},"end":{"line":22,"column":null}}},"2":{"name":"(anonymous_2)","decl":{"start":{"line":24,"column":4},"end":{"line":24,"column":18}},"loc":{"start":{"line":24,"column":18},"end":{"line":26,"column":7}}}},"branchMap":{"0":{"loc":{"start":{"line":33,"column":14},"end":{"line":38,"column":null}},"type":"binary-expr","locations":[{"start":{"line":33,"column":14},"end":{"line":33,"column":25}},{"start":{"line":33,"column":25},"end":{"line":33,"column":null}},{"start":{"line":34,"column":16},"end":{"line":38,"column":null}}]},"1":{"loc":{"start":{"line":41,"column":41},"end":{"line":41,"column":85}},"type":"cond-expr","locations":[{"start":{"line":41,"column":65},"end":{"line":41,"column":82}},{"start":{"line":41,"column":82},"end":{"line":41,"column":85}}]},"2":{"loc":{"start":{"line":41,"column":41},"end":{"line":41,"column":65}},"type":"binary-expr","locations":[{"start":{"line":41,"column":41},"end":{"line":41,"column":53}},{"start":{"line":41,"column":53},"end":{"line":41,"column":65}}]},"3":{"loc":{"start":{"line":43,"column":39},"end":{"line":43,"column":84}},"type":"cond-expr","locations":[{"start":{"line":43,"column":63},"end":{"line":43,"column":76}},{"start":{"line":43,"column":76},"end":{"line":43,"column":84}}]},"4":{"loc":{"start":{"line":43,"column":39},"end":{"line":43,"column":63}},"type":"binary-expr","locations":[{"start":{"line":43,"column":39},"end":{"line":43,"column":51}},{"start":{"line":43,"column":51},"end":{"line":43,"column":63}}]},"5":{"loc":{"start":{"line":45,"column":17},"end":{"line":45,"column":null}},"type":"binary-expr","locations":[{"start":{"line":45,"column":17},"end":{"line":45,"column":28}},{"start":{"line":45,"column":28},"end":{"line":45,"column":null}}]},"6":{"loc":{"start":{"line":46,"column":17},"end":{"line":46,"column":null}},"type":"binary-expr","locations":[{"start":{"line":46,"column":17},"end":{"line":46,"column":28}},{"start":{"line":46,"column":28},"end":{"line":46,"column":null}}]},"7":{"loc":{"start":{"line":48,"column":48},"end":{"line":48,"column":null}},"type":"cond-expr","locations":[{"start":{"line":48,"column":58},"end":{"line":48,"column":75}},{"start":{"line":48,"column":75},"end":{"line":48,"column":null}}]},"8":{"loc":{"start":{"line":48,"column":75},"end":{"line":48,"column":null}},"type":"cond-expr","locations":[{"start":{"line":48,"column":85},"end":{"line":48,"column":103}},{"start":{"line":48,"column":103},"end":{"line":48,"column":null}}]},"9":{"loc":{"start":{"line":50,"column":22},"end":{"line":50,"column":null}},"type":"cond-expr","locations":[{"start":{"line":50,"column":44},"end":{"line":50,"column":64}},{"start":{"line":50,"column":64},"end":{"line":50,"column":null}}]},"10":{"loc":{"start":{"line":50,"column":22},"end":{"line":50,"column":44}},"type":"binary-expr","locations":[{"start":{"line":50,"column":22},"end":{"line":50,"column":33}},{"start":{"line":50,"column":33},"end":{"line":50,"column":44}}]}},"s":{"0":4,"1":4,"2":0,"3":0,"4":0,"5":4,"6":4,"7":4},"f":{"0":4,"1":0,"2":4},"b":{"0":[4,3,2],"1":[2,2],"2":[4,3],"3":[2,2],"4":[4,3],"5":[4,1],"6":[4,1],"7":[1,3],"8":[1,2],"9":[2,2],"10":[4,3]}}
,"C:/Users/Jan/github show/Tic-Tac-Toe/src/components/GameHeader.tsx": {"path":"C:/Users/Jan/github show/Tic-Tac-Toe/src/components/GameHeader.tsx","statementMap":{"0":{"start":{"line":9,"column":4},"end":{"line":35,"column":null}},"1":{"start":{"line":31,"column":31},"end":{"line":31,"column":null}},"2":{"start":{"line":31,"column":53},"end":{"line":31,"column":58}}},"fnMap":{"0":{"name":"GameHeader","decl":{"start":{"line":8,"column":9},"end":{"line":8,"column":20}},"loc":{"start":{"line":8,"column":114},"end":{"line":37,"column":null}}},"1":{"name":"(anonymous_1)","decl":{"start":{"line":31,"column":16},"end":{"line":31,"column":31}},"loc":{"start":{"line":31,"column":31},"end":{"line":31,"column":null}}},"2":{"name":"(anonymous_2)","decl":{"start":{"line":31,"column":31},"end":{"line":31,"column":47}},"loc":{"start":{"line":31,"column":53},"end":{"line":31,"column":58}}}},"branchMap":{"0":{"loc":{"start":{"line":20,"column":17},"end":{"line":25,"column":17}},"type":"cond-expr","locations":[{"start":{"line":21,"column":20},"end":{"line":23,"column":21}},{"start":{"line":23,"column":20},"end":{"line":25,"column":17}}]}},"s":{"0":4,"1":1,"2":2},"f":{"0":4,"1":1,"2":2},"b":{"0":[3,1]}}
,"C:/Users/Jan/github show/Tic-Tac-Toe/src/components/IconO.tsx": {"path":"C:/Users/Jan/github show/Tic-Tac-Toe/src/components/IconO.tsx","statementMap":{"0":{"start":{"line":6,"column":4},"end":{"line":9,"column":null}}},"fnMap":{"0":{"name":"IconO","decl":{"start":{"line":3,"column":9},"end":{"line":3,"column":15}},"loc":{"start":{"line":5,"column":1},"end":{"line":11,"column":null}}}},"branchMap":{"0":{"loc":{"start":{"line":3,"column":27},"end":{"line":3,"column":null}},"type":"default-arg","locations":[{"start":{"line":3,"column":34},"end":{"line":3,"column":null}}]}},"s":{"0":5},"f":{"0":5},"b":{"0":[1]}}
,"C:/Users/Jan/github show/Tic-Tac-Toe/src/components/IconX.tsx": {"path":"C:/Users/Jan/github show/Tic-Tac-Toe/src/components/IconX.tsx","statementMap":{"0":{"start":{"line":6,"column":4},"end":{"line":9,"column":null}}},"fnMap":{"0":{"name":"IconX","decl":{"start":{"line":3,"column":9},"end":{"line":3,"column":15}},"loc":{"start":{"line":5,"column":1},"end":{"line":11,"column":null}}}},"branchMap":{"0":{"loc":{"start":{"line":3,"column":27},"end":{"line":3,"column":null}},"type":"default-arg","locations":[{"start":{"line":3,"column":34},"end":{"line":3,"column":null}}]}},"s":{"0":8},"f":{"0":8},"b":{"0":[1]}}
,"C:/Users/Jan/github show/Tic-Tac-Toe/src/components/NextRoundBtn.tsx": {"path":"C:/Users/Jan/github show/Tic-Tac-Toe/src/components/NextRoundBtn.tsx","statementMap":{"0":{"start":{"line":6,"column":4},"end":{"line":12,"column":null}}},"fnMap":{"0":{"name":"NextRoundBtn","decl":{"start":{"line":3,"column":9},"end":{"line":3,"column":22}},"loc":{"start":{"line":5,"column":1},"end":{"line":14,"column":null}}}},"branchMap":{},"s":{"0":5},"f":{"0":5},"b":{}}
,"C:/Users/Jan/github show/Tic-Tac-Toe/src/components/RestartModal.tsx": {"path":"C:/Users/Jan/github show/Tic-Tac-Toe/src/components/RestartModal.tsx","statementMap":{"0":{"start":{"line":7,"column":21},"end":{"line":7,"column":null}},"1":{"start":{"line":9,"column":4},"end":{"line":11,"column":null}},"2":{"start":{"line":10,"column":8},"end":{"line":10,"column":null}},"3":{"start":{"line":13,"column":4},"end":{"line":39,"column":null}}},"fnMap":{"0":{"name":"RestartModal","decl":{"start":{"line":4,"column":9},"end":{"line":4,"column":22}},"loc":{"start":{"line":6,"column":1},"end":{"line":41,"column":null}}},"1":{"name":"(anonymous_1)","decl":{"start":{"line":9,"column":4},"end":{"line":9,"column":18}},"loc":{"start":{"line":9,"column":18},"end":{"line":11,"column":7}}}},"branchMap":{},"s":{"0":1,"1":1,"2":1,"3":1},"f":{"0":1,"1":1},"b":{}}
,"C:/Users/Jan/github show/Tic-Tac-Toe/src/components/Statistics.tsx": {"path":"C:/Users/Jan/github show/Tic-Tac-Toe/src/components/Statistics.tsx","statementMap":{"0":{"start":{"line":7,"column":30},"end":{"line":7,"column":null}},"1":{"start":{"line":8,"column":23},"end":{"line":8,"column":null}},"2":{"start":{"line":10,"column":4},"end":{"line":41,"column":null}}},"fnMap":{"0":{"name":"Statistics","decl":{"start":{"line":6,"column":24},"end":{"line":6,"column":36}},"loc":{"start":{"line":6,"column":36},"end":{"line":43,"column":null}}}},"branchMap":{"0":{"loc":{"start":{"line":20,"column":21},"end":{"line":20,"column":null}},"type":"binary-expr","locations":[{"start":{"line":20,"column":21},"end":{"line":20,"column":44}},{"start":{"line":20,"column":44},"end":{"line":20,"column":null}}]},"1":{"loc":{"start":{"line":29,"column":21},"end":{"line":29,"column":null}},"type":"binary-expr","locations":[{"start":{"line":29,"column":21},"end":{"line":29,"column":44}},{"start":{"line":29,"column":44},"end":{"line":29,"column":null}}]},"2":{"loc":{"start":{"line":38,"column":21},"end":{"line":38,"column":null}},"type":"binary-expr","locations":[{"start":{"line":38,"column":21},"end":{"line":38,"column":44}},{"start":{"line":38,"column":44},"end":{"line":38,"column":null}}]}},"s":{"0":1,"1":1,"2":1},"f":{"0":1},"b":{"0":[1,1],"1":[1,1],"2":[1,1]}}
,"C:/Users/Jan/github show/Tic-Tac-Toe/src/context/AppContextProvider.tsx": {"path":"C:/Users/Jan/github show/Tic-Tac-Toe/src/context/AppContextProvider.tsx","statementMap":{"0":{"start":{"line":7,"column":40},"end":{"line":7,"column":null}},"1":{"start":{"line":8,"column":26},"end":{"line":8,"column":null}},"2":{"start":{"line":9,"column":32},"end":{"line":9,"column":null}},"3":{"start":{"line":11,"column":24},"end":{"line":11,"column":null}},"4":{"start":{"line":13,"column":4},"end":{"line":23,"column":null}},"5":{"start":{"line":14,"column":8},"end":{"line":16,"column":null}},"6":{"start":{"line":15,"column":12},"end":{"line":15,"column":null}},"7":{"start":{"line":18,"column":12},"end":{"line":18,"column":null}},"8":{"start":{"line":19,"column":12},"end":{"line":19,"column":null}},"9":{"start":{"line":20,"column":12},"end":{"line":20,"column":null}},"10":{"start":{"line":22,"column":8},"end":{"line":22,"column":null}},"11":{"start":{"line":26,"column":20},"end":{"line":35,"column":null}},"12":{"start":{"line":27,"column":8},"end":{"line":34,"column":null}},"13":{"start":{"line":37,"column":4},"end":{"line":40,"column":null}}},"fnMap":{"0":{"name":"AppContextProvider","decl":{"start":{"line":6,"column":24},"end":{"line":6,"column":43}},"loc":{"start":{"line":6,"column":83},"end":{"line":42,"column":null}}},"1":{"name":"(anonymous_1)","decl":{"start":{"line":13,"column":4},"end":{"line":13,"column":18}},"loc":{"start":{"line":13,"column":18},"end":{"line":23,"column":7}}},"2":{"name":"setState","decl":{"start":{"line":17,"column":17},"end":{"line":17,"column":27}},"loc":{"start":{"line":17,"column":27},"end":{"line":21,"column":null}}},"3":{"name":"(anonymous_3)","decl":{"start":{"line":26,"column":20},"end":{"line":26,"column":33}},"loc":{"start":{"line":26,"column":33},"end":{"line":35,"column":7}}}},"branchMap":{"0":{"loc":{"start":{"line":14,"column":8},"end":{"line":16,"column":null}},"type":"if","locations":[{"start":{"line":14,"column":8},"end":{"line":16,"column":null}},{"start":{},"end":{}}]},"1":{"loc":{"start":{"line":18,"column":19},"end":{"line":18,"column":41}},"type":"binary-expr","locations":[{"start":{"line":18,"column":19},"end":{"line":18,"column":37}},{"start":{"line":18,"column":37},"end":{"line":18,"column":41}}]},"2":{"loc":{"start":{"line":19,"column":26},"end":{"line":19,"column":55}},"type":"binary-expr","locations":[{"start":{"line":19,"column":26},"end":{"line":19,"column":51}},{"start":{"line":19,"column":51},"end":{"line":19,"column":55}}]},"3":{"loc":{"start":{"line":20,"column":22},"end":{"line":20,"column":48}},"type":"binary-expr","locations":[{"start":{"line":20,"column":22},"end":{"line":20,"column":43}},{"start":{"line":20,"column":43},"end":{"line":20,"column":48}}]}},"s":{"0":5,"1":5,"2":5,"3":5,"4":5,"5":5,"6":5,"7":0,"8":0,"9":0,"10":0,"11":5,"12":5,"13":5},"f":{"0":5,"1":5,"2":0,"3":5},"b":{"0":[5,0],"1":[0,0],"2":[0,0],"3":[0,0]}}
,"C:/Users/Jan/github show/Tic-Tac-Toe/src/context/context.ts": {"path":"C:/Users/Jan/github show/Tic-Tac-Toe/src/context/context.ts","statementMap":{"0":{"start":{"line":3,"column":26},"end":{"line":8,"column":null}}},"fnMap":{},"branchMap":{},"s":{"0":3},"f":{},"b":{}}
,"C:/Users/Jan/github show/Tic-Tac-Toe/src/lib/utils.ts": {"path":"C:/Users/Jan/github show/Tic-Tac-Toe/src/lib/utils.ts","statementMap":{"0":{"start":{"line":2,"column":4},"end":{"line":14,"column":null}},"1":{"start":{"line":3,"column":8},"end":{"line":7,"column":null}},"2":{"start":{"line":4,"column":12},"end":{"line":4,"column":null}},"3":{"start":{"line":6,"column":12},"end":{"line":6,"column":null}},"4":{"start":{"line":9,"column":8},"end":{"line":13,"column":null}},"5":{"start":{"line":10,"column":12},"end":{"line":10,"column":null}},"6":{"start":{"line":12,"column":12},"end":{"line":12,"column":null}},"7":{"start":{"line":18,"column":4},"end":{"line":23,"column":null}},"8":{"start":{"line":20,"column":12},"end":{"line":20,"column":null}},"9":{"start":{"line":22,"column":12},"end":{"line":22,"column":null}},"10":{"start":{"line":27,"column":4},"end":{"line":32,"column":null}},"11":{"start":{"line":29,"column":12},"end":{"line":29,"column":null}},"12":{"start":{"line":31,"column":12},"end":{"line":31,"column":null}}},"fnMap":{"0":{"name":"gameEndModalText","decl":{"start":{"line":1,"column":16},"end":{"line":1,"column":33}},"loc":{"start":{"line":1,"column":85},"end":{"line":15,"column":null}}},"1":{"name":"statisticsTextX","decl":{"start":{"line":17,"column":16},"end":{"line":17,"column":32}},"loc":{"start":{"line":17,"column":66},"end":{"line":24,"column":null}}},"2":{"name":"statisticsTextO","decl":{"start":{"line":26,"column":16},"end":{"line":26,"column":32}},"loc":{"start":{"line":26,"column":66},"end":{"line":33,"column":null}}}},"branchMap":{"0":{"loc":{"start":{"line":2,"column":4},"end":{"line":14,"column":null}},"type":"if","locations":[{"start":{"line":2,"column":4},"end":{"line":14,"column":null}},{"start":{"line":8,"column":9},"end":{"line":14,"column":null}}]},"1":{"loc":{"start":{"line":3,"column":8},"end":{"line":7,"column":null}},"type":"if","locations":[{"start":{"line":3,"column":8},"end":{"line":7,"column":null}},{"start":{"line":5,"column":13},"end":{"line":7,"column":null}}]},"2":{"loc":{"start":{"line":4,"column":19},"end":{"line":4,"column":null}},"type":"cond-expr","locations":[{"start":{"line":4,"column":29},"end":{"line":4,"column":42}},{"start":{"line":4,"column":42},"end":{"line":4,"column":null}}]},"3":{"loc":{"start":{"line":6,"column":19},"end":{"line":6,"column":null}},"type":"cond-expr","locations":[{"start":{"line":6,"column":29},"end":{"line":6,"column":52}},{"start":{"line":6,"column":52},"end":{"line":6,"column":null}}]},"4":{"loc":{"start":{"line":9,"column":8},"end":{"line":13,"column":null}},"type":"if","locations":[{"start":{"line":9,"column":8},"end":{"line":13,"column":null}},{"start":{"line":11,"column":13},"end":{"line":13,"column":null}}]},"5":{"loc":{"start":{"line":10,"column":19},"end":{"line":10,"column":null}},"type":"cond-expr","locations":[{"start":{"line":10,"column":29},"end":{"line":10,"column":48}},{"start":{"line":10,"column":48},"end":{"line":10,"column":null}}]},"6":{"loc":{"start":{"line":12,"column":19},"end":{"line":12,"column":null}},"type":"cond-expr","locations":[{"start":{"line":12,"column":29},"end":{"line":12,"column":47}},{"start":{"line":12,"column":47},"end":{"line":12,"column":null}}]},"7":{"loc":{"start":{"line":18,"column":4},"end":{"line":23,"column":null}},"type":"switch","locations":[{"start":{"line":19,"column":8},"end":{"line":20,"column":null}},{"start":{"line":21,"column":8},"end":{"line":22,"column":null}}]},"8":{"loc":{"start":{"line":20,"column":19},"end":{"line":20,"column":null}},"type":"cond-expr","locations":[{"start":{"line":20,"column":32},"end":{"line":20,"column":42}},{"start":{"line":20,"column":42},"end":{"line":20,"column":null}}]},"9":{"loc":{"start":{"line":22,"column":19},"end":{"line":22,"column":null}},"type":"cond-expr","locations":[{"start":{"line":22,"column":32},"end":{"line":22,"column":42}},{"start":{"line":22,"column":42},"end":{"line":22,"column":null}}]},"10":{"loc":{"start":{"line":27,"column":4},"end":{"line":32,"column":null}},"type":"switch","locations":[{"start":{"line":28,"column":8},"end":{"line":29,"column":null}},{"start":{"line":30,"column":8},"end":{"line":31,"column":null}}]},"11":{"loc":{"start":{"line":29,"column":19},"end":{"line":29,"column":null}},"type":"cond-expr","locations":[{"start":{"line":29,"column":32},"end":{"line":29,"column":42}},{"start":{"line":29,"column":42},"end":{"line":29,"column":null}}]},"12":{"loc":{"start":{"line":31,"column":19},"end":{"line":31,"column":null}},"type":"cond-expr","locations":[{"start":{"line":31,"column":32},"end":{"line":31,"column":42}},{"start":{"line":31,"column":42},"end":{"line":31,"column":null}}]}},"s":{"0":10,"1":6,"2":4,"3":2,"4":4,"5":2,"6":2,"7":5,"8":2,"9":3,"10":5,"11":3,"12":2},"f":{"0":10,"1":5,"2":5},"b":{"0":[6,4],"1":[4,2],"2":[2,2],"3":[1,1],"4":[2,2],"5":[1,1],"6":[1,1],"7":[2,3],"8":[1,1],"9":[2,1],"10":[3,2],"11":[2,1],"12":[1,1]}}
,"C:/Users/Jan/github show/Tic-Tac-Toe/src/lib/hooks/useContext.ts": {"path":"C:/Users/Jan/github show/Tic-Tac-Toe/src/lib/hooks/useContext.ts","statementMap":{"0":{"start":{"line":5,"column":4},"end":{"line":5,"column":null}}},"fnMap":{"0":{"name":"useAppContext","decl":{"start":{"line":4,"column":16},"end":{"line":4,"column":31}},"loc":{"start":{"line":4,"column":31},"end":{"line":6,"column":null}}}},"branchMap":{},"s":{"0":6},"f":{"0":6},"b":{}}
,"C:/Users/Jan/github show/Tic-Tac-Toe/src/lib/hooks/useLocalStorage.ts": {"path":"C:/Users/Jan/github show/Tic-Tac-Toe/src/lib/hooks/useLocalStorage.ts","statementMap":{"0":{"start":{"line":5,"column":22},"end":{"line":8,"column":null}},"1":{"start":{"line":6,"column":8},"end":{"line":6,"column":null}},"2":{"start":{"line":7,"column":8},"end":{"line":7,"column":null}},"3":{"start":{"line":7,"column":23},"end":{"line":7,"column":70}},"4":{"start":{"line":10,"column":20},"end":{"line":13,"column":null}},"5":{"start":{"line":11,"column":21},"end":{"line":11,"column":null}},"6":{"start":{"line":12,"column":8},"end":{"line":12,"column":null}},"7":{"start":{"line":15,"column":56},"end":{"line":15,"column":null}},"8":{"start":{"line":17,"column":24},"end":{"line":23,"column":null}},"9":{"start":{"line":18,"column":28},"end":{"line":18,"column":null}},"10":{"start":{"line":19,"column":8},"end":{"line":21,"column":null}},"11":{"start":{"line":20,"column":12},"end":{"line":20,"column":null}},"12":{"start":{"line":22,"column":8},"end":{"line":22,"column":null}},"13":{"start":{"line":25,"column":21},"end":{"line":25,"column":null}},"14":{"start":{"line":27,"column":21},"end":{"line":30,"column":null}},"15":{"start":{"line":28,"column":8},"end":{"line":28,"column":null}},"16":{"start":{"line":29,"column":8},"end":{"line":29,"column":null}},"17":{"start":{"line":32,"column":4},"end":{"line":32,"column":null}}},"fnMap":{"0":{"name":"useLocalStorage","decl":{"start":{"line":4,"column":24},"end":{"line":4,"column":43}},"loc":{"start":{"line":4,"column":101},"end":{"line":33,"column":null}}},"1":{"name":"(anonymous_1)","decl":{"start":{"line":5,"column":22},"end":{"line":5,"column":35}},"loc":{"start":{"line":5,"column":74},"end":{"line":8,"column":7}}},"2":{"name":"(anonymous_2)","decl":{"start":{"line":7,"column":8},"end":{"line":7,"column":21}},"loc":{"start":{"line":7,"column":21},"end":{"line":7,"column":null}}},"3":{"name":"(anonymous_3)","decl":{"start":{"line":10,"column":20},"end":{"line":10,"column":41}},"loc":{"start":{"line":10,"column":41},"end":{"line":13,"column":7}}},"4":{"name":"(anonymous_4)","decl":{"start":{"line":17,"column":24},"end":{"line":17,"column":45}},"loc":{"start":{"line":17,"column":45},"end":{"line":23,"column":7}}},"5":{"name":"(anonymous_5)","decl":{"start":{"line":27,"column":21},"end":{"line":27,"column":34}},"loc":{"start":{"line":27,"column":50},"end":{"line":30,"column":7}}}},"branchMap":{"0":{"loc":{"start":{"line":12,"column":15},"end":{"line":12,"column":null}},"type":"cond-expr","locations":[{"start":{"line":12,"column":22},"end":{"line":12,"column":41}},{"start":{"line":12,"column":41},"end":{"line":12,"column":null}}]},"1":{"loc":{"start":{"line":19,"column":8},"end":{"line":21,"column":null}},"type":"if","locations":[{"start":{"line":19,"column":8},"end":{"line":21,"column":null}},{"start":{},"end":{}}]},"2":{"loc":{"start":{"line":19,"column":8},"end":{"line":19,"column":131}},"type":"binary-expr","locations":[{"start":{"line":19,"column":12},"end":{"line":19,"column":47}},{"start":{"line":19,"column":47},"end":{"line":19,"column":72}},{"start":{"line":19,"column":72},"end":{"line":19,"column":131}}]}},"s":{"0":10,"1":8,"2":8,"3":8,"4":10,"5":30,"6":30,"7":10,"8":10,"9":30,"10":30,"11":3,"12":30,"13":10,"14":10,"15":1,"16":1,"17":10},"f":{"0":10,"1":8,"2":8,"3":30,"4":30,"5":1},"b":{"0":[9,21],"1":[3,27],"2":[30,0,30]}}
}
