{"C:/Users/Jan/github show/Tic-Tac-Toe/test-setup.ts": {"path":"C:/Users/Jan/github show/Tic-Tac-Toe/test-setup.ts","statementMap":{"0":{"start":{"line":5,"column":0},"end":{"line":15,"column":null}},"1":{"start":{"line":6,"column":2},"end":{"line":8,"column":null}},"2":{"start":{"line":7,"column":4},"end":{"line":7,"column":null}},"3":{"start":{"line":9,"column":2},"end":{"line":11,"column":null}},"4":{"start":{"line":10,"column":4},"end":{"line":10,"column":null}},"5":{"start":{"line":12,"column":2},"end":{"line":14,"column":null}},"6":{"start":{"line":13,"column":4},"end":{"line":13,"column":null}},"7":{"start":{"line":17,"column":0},"end":{"line":19,"column":null}},"8":{"start":{"line":18,"column":4},"end":{"line":18,"column":null}}},"fnMap":{"0":{"name":"(anonymous_0)","decl":{"start":{"line":5,"column":0},"end":{"line":5,"column":16}},"loc":{"start":{"line":5,"column":16},"end":{"line":15,"column":1}}},"1":{"name":"(anonymous_1)","decl":{"start":{"line":6,"column":48},"end":{"line":6,"column":83}},"loc":{"start":{"line":6,"column":83},"end":{"line":8,"column":3}}},"2":{"name":"(anonymous_2)","decl":{"start":{"line":9,"column":43},"end":{"line":9,"column":78}},"loc":{"start":{"line":9,"column":78},"end":{"line":11,"column":3}}},"3":{"name":"(anonymous_3)","decl":{"start":{"line":12,"column":44},"end":{"line":12,"column":79}},"loc":{"start":{"line":12,"column":79},"end":{"line":14,"column":3}}},"4":{"name":"(anonymous_4)","decl":{"start":{"line":17,"column":0},"end":{"line":17,"column":14}},"loc":{"start":{"line":17,"column":14},"end":{"line":19,"column":1}}}},"branchMap":{},"s":{"0":1,"1":1,"2":0,"3":1,"4":0,"5":1,"6":0,"7":1,"8":6},"f":{"0":1,"1":0,"2":0,"3":0,"4":6},"b":{}}
,"C:/Users/Jan/github show/Tic-Tac-Toe/src/context/AppContextProvider.tsx": {"path":"C:/Users/Jan/github show/Tic-Tac-Toe/src/context/AppContextProvider.tsx","statementMap":{"0":{"start":{"line":7,"column":40},"end":{"line":7,"column":null}},"1":{"start":{"line":8,"column":26},"end":{"line":8,"column":null}},"2":{"start":{"line":9,"column":32},"end":{"line":9,"column":null}},"3":{"start":{"line":11,"column":24},"end":{"line":11,"column":null}},"4":{"start":{"line":13,"column":4},"end":{"line":23,"column":null}},"5":{"start":{"line":14,"column":8},"end":{"line":16,"column":null}},"6":{"start":{"line":15,"column":12},"end":{"line":15,"column":null}},"7":{"start":{"line":18,"column":12},"end":{"line":18,"column":null}},"8":{"start":{"line":19,"column":12},"end":{"line":19,"column":null}},"9":{"start":{"line":20,"column":12},"end":{"line":20,"column":null}},"10":{"start":{"line":22,"column":8},"end":{"line":22,"column":null}},"11":{"start":{"line":26,"column":20},"end":{"line":35,"column":null}},"12":{"start":{"line":27,"column":8},"end":{"line":34,"column":null}},"13":{"start":{"line":37,"column":4},"end":{"line":40,"column":null}}},"fnMap":{"0":{"name":"AppContextProvider","decl":{"start":{"line":6,"column":24},"end":{"line":6,"column":43}},"loc":{"start":{"line":6,"column":83},"end":{"line":42,"column":null}}},"1":{"name":"(anonymous_1)","decl":{"start":{"line":13,"column":4},"end":{"line":13,"column":18}},"loc":{"start":{"line":13,"column":18},"end":{"line":23,"column":7}}},"2":{"name":"setState","decl":{"start":{"line":17,"column":17},"end":{"line":17,"column":27}},"loc":{"start":{"line":17,"column":27},"end":{"line":21,"column":null}}},"3":{"name":"(anonymous_3)","decl":{"start":{"line":26,"column":20},"end":{"line":26,"column":33}},"loc":{"start":{"line":26,"column":33},"end":{"line":35,"column":7}}}},"branchMap":{"0":{"loc":{"start":{"line":14,"column":8},"end":{"line":16,"column":null}},"type":"if","locations":[{"start":{"line":14,"column":8},"end":{"line":16,"column":null}},{"start":{},"end":{}}]},"1":{"loc":{"start":{"line":18,"column":19},"end":{"line":18,"column":41}},"type":"binary-expr","locations":[{"start":{"line":18,"column":19},"end":{"line":18,"column":37}},{"start":{"line":18,"column":37},"end":{"line":18,"column":41}}]},"2":{"loc":{"start":{"line":19,"column":26},"end":{"line":19,"column":55}},"type":"binary-expr","locations":[{"start":{"line":19,"column":26},"end":{"line":19,"column":51}},{"start":{"line":19,"column":51},"end":{"line":19,"column":55}}]},"3":{"loc":{"start":{"line":20,"column":22},"end":{"line":20,"column":48}},"type":"binary-expr","locations":[{"start":{"line":20,"column":22},"end":{"line":20,"column":43}},{"start":{"line":20,"column":43},"end":{"line":20,"column":48}}]}},"s":{"0":10,"1":10,"2":10,"3":10,"4":10,"5":6,"6":4,"7":2,"8":2,"9":2,"10":2,"11":10,"12":10,"13":10},"f":{"0":10,"1":6,"2":2,"3":10},"b":{"0":[4,2],"1":[2,1],"2":[2,1],"3":[2,1]}}
,"C:/Users/Jan/github show/Tic-Tac-Toe/src/context/context.ts": {"path":"C:/Users/Jan/github show/Tic-Tac-Toe/src/context/context.ts","statementMap":{"0":{"start":{"line":3,"column":26},"end":{"line":8,"column":null}}},"fnMap":{},"branchMap":{},"s":{"0":1},"f":{},"b":{}}
,"C:/Users/Jan/github show/Tic-Tac-Toe/src/lib/hooks/useContext.ts": {"path":"C:/Users/Jan/github show/Tic-Tac-Toe/src/lib/hooks/useContext.ts","statementMap":{"0":{"start":{"line":5,"column":4},"end":{"line":5,"column":null}}},"fnMap":{"0":{"name":"useAppContext","decl":{"start":{"line":4,"column":16},"end":{"line":4,"column":31}},"loc":{"start":{"line":4,"column":31},"end":{"line":6,"column":null}}}},"branchMap":{},"s":{"0":10},"f":{"0":10},"b":{}}
,"C:/Users/Jan/github show/Tic-Tac-Toe/src/lib/hooks/useLocalStorage.ts": {"path":"C:/Users/Jan/github show/Tic-Tac-Toe/src/lib/hooks/useLocalStorage.ts","statementMap":{"0":{"start":{"line":5,"column":22},"end":{"line":8,"column":null}},"1":{"start":{"line":6,"column":8},"end":{"line":6,"column":null}},"2":{"start":{"line":7,"column":8},"end":{"line":7,"column":null}},"3":{"start":{"line":7,"column":23},"end":{"line":7,"column":70}},"4":{"start":{"line":10,"column":21},"end":{"line":10,"column":null}},"5":{"start":{"line":12,"column":24},"end":{"line":18,"column":null}},"6":{"start":{"line":13,"column":20},"end":{"line":13,"column":null}},"7":{"start":{"line":14,"column":8},"end":{"line":16,"column":null}},"8":{"start":{"line":15,"column":12},"end":{"line":15,"column":null}},"9":{"start":{"line":17,"column":8},"end":{"line":17,"column":null}},"10":{"start":{"line":20,"column":21},"end":{"line":20,"column":null}},"11":{"start":{"line":22,"column":21},"end":{"line":25,"column":null}},"12":{"start":{"line":23,"column":8},"end":{"line":23,"column":null}},"13":{"start":{"line":24,"column":8},"end":{"line":24,"column":null}},"14":{"start":{"line":27,"column":4},"end":{"line":27,"column":null}}},"fnMap":{"0":{"name":"useLocalStorage","decl":{"start":{"line":4,"column":24},"end":{"line":4,"column":43}},"loc":{"start":{"line":4,"column":101},"end":{"line":28,"column":null}}},"1":{"name":"(anonymous_1)","decl":{"start":{"line":5,"column":22},"end":{"line":5,"column":35}},"loc":{"start":{"line":5,"column":74},"end":{"line":8,"column":7}}},"2":{"name":"(anonymous_2)","decl":{"start":{"line":7,"column":8},"end":{"line":7,"column":21}},"loc":{"start":{"line":7,"column":21},"end":{"line":7,"column":null}}},"3":{"name":"(anonymous_3)","decl":{"start":{"line":12,"column":24},"end":{"line":12,"column":45}},"loc":{"start":{"line":12,"column":45},"end":{"line":18,"column":7}}},"4":{"name":"(anonymous_4)","decl":{"start":{"line":22,"column":21},"end":{"line":22,"column":34}},"loc":{"start":{"line":22,"column":50},"end":{"line":25,"column":7}}}},"branchMap":{"0":{"loc":{"start":{"line":13,"column":20},"end":{"line":13,"column":null}},"type":"binary-expr","locations":[{"start":{"line":13,"column":20},"end":{"line":13,"column":49}},{"start":{"line":13,"column":49},"end":{"line":13,"column":null}}]},"1":{"loc":{"start":{"line":14,"column":8},"end":{"line":16,"column":null}},"type":"if","locations":[{"start":{"line":14,"column":8},"end":{"line":16,"column":null}},{"start":{},"end":{}}]},"2":{"loc":{"start":{"line":15,"column":45},"end":{"line":15,"column":82}},"type":"cond-expr","locations":[{"start":{"line":15,"column":51},"end":{"line":15,"column":69}},{"start":{"line":15,"column":69},"end":{"line":15,"column":82}}]}},"s":{"0":10,"1":6,"2":6,"3":6,"4":10,"5":10,"6":26,"7":26,"8":2,"9":26,"10":10,"11":10,"12":0,"13":0,"14":10},"f":{"0":10,"1":6,"2":6,"3":26,"4":0},"b":{"0":[26,18],"1":[2,24],"2":[2,0]}}
}
